<?xml version="1.0" encoding="UTF-8"?>
<!-- Generated by org.testng.reporters.JUnitReportReporter -->
<testsuite hostname="LAPTOP-0NFICUTO" failures="0" tests="1" name="testcases.TestCase1" time="2.884" errors="0" timestamp="2023-06-07T11:30:56 IST" skipped="0">
  <testcase classname="testcases.TestCase1" name="Senario1" time="2.884"/>
  <system-out/>
</testsuite> <!-- testcases.TestCase1 -->
