<?xml version="1.0" encoding="UTF-8"?>
<!-- Generated by org.testng.reporters.JUnitReportReporter -->
<testsuite hostname="LAPTOP-0NFICUTO" failures="0" tests="1" name="selenium.TestNG" time="0.007" errors="0" timestamp="06 Jun 2023 06:10:33 GMT" skipped="0">
  <testcase classname="selenium.TestNG" name="TestSenario" time="0.007"/>
</testsuite> <!-- selenium.TestNG -->
