<?xml version="1.0" encoding="UTF-8"?>
<!-- Generated by org.testng.reporters.JUnitReportReporter -->
<testsuite hostname="LAPTOP-0NFICUTO" failures="0" tests="2" name="selenium.TestNGAnnotations" time="0.012" errors="0" timestamp="06 Jun 2023 06:10:33 GMT" skipped="0">
  <testcase classname="selenium.TestNGAnnotations" name="Test1" time="0.009"/>
  <testcase classname="selenium.TestNGAnnotations" name="Test2" time="0.003"/>
</testsuite> <!-- selenium.TestNGAnnotations -->
