<?xml version="1.0" encoding="UTF-8"?>
<!-- Generated by org.testng.reporters.JUnitReportReporter -->
<testsuite hostname="LAPTOP-0NFICUTO" failures="0" tests="1" name="testcases1.TestCase2" time="14.594" errors="0" timestamp="2023-06-07T12:41:01 IST" skipped="0">
  <testcase classname="testcases1.TestCase2" name="Test2" time="14.594"/>
  <system-out/>
</testsuite> <!-- testcases1.TestCase2 -->
